<?xml version="1.0" encoding="UTF-8"?>
<!-- Generated by org.testng.reporters.JUnitXMLReporter -->
<testsuite hostname="user-PC" name="Test" tests="4" failures="0" timestamp="10 May 2017 16:20:38 GMT" time="37.715" errors="0">
  <testcase name="search" time="11.292" classname="TestCases.Google_Search"/>
  <testcase name="search" time="22.539" classname="TestCases.Google_Search"/>
  <testcase name="search" time="25.811" classname="TestCases.Google_Search"/>
  <testcase name="search" time="37.663" classname="TestCases.Google_Search"/>
</testsuite> <!-- Test -->
