<?xml version="1.0" encoding="UTF-8"?>
<testng-results skipped="0" failed="0" total="4" passed="4">
  <reporter-output>
  </reporter-output>
  <suite name="Suite" duration-ms="37715" started-at="2017-05-10T16:20:00Z" finished-at="2017-05-10T16:20:38Z">
    <groups>
    </groups>
    <test name="Test" duration-ms="37715" started-at="2017-05-10T16:20:00Z" finished-at="2017-05-10T16:20:38Z">
      <class name="TestCases.Google_Search">
        <test-method status="PASS" signature="search(java.lang.String, java.lang.String, java.lang.String)[pri:0, instance:TestCases.Google_Search@4f933fd1]" name="search" duration-ms="11292" started-at="2017-05-10T21:50:00Z" data-provider="getData" finished-at="2017-05-10T21:50:11Z">
          <params>
            <param index="0">
              <value>
                <![CDATA[u2]]>
              </value>
            </param>
            <param index="1">
              <value>
                <![CDATA[p2]]>
              </value>
            </param>
            <param index="2">
              <value>
                <![CDATA[chrome]]>
              </value>
            </param>
          </params>
          <reporter-output>
          </reporter-output>
        </test-method> <!-- search -->
        <test-method status="PASS" signature="search(java.lang.String, java.lang.String, java.lang.String)[pri:0, instance:TestCases.Google_Search@4f933fd1]" name="search" duration-ms="25811" started-at="2017-05-10T21:50:00Z" data-provider="getData" finished-at="2017-05-10T21:50:26Z">
          <params>
            <param index="0">
              <value>
                <![CDATA[u2]]>
              </value>
            </param>
            <param index="1">
              <value>
                <![CDATA[p2]]>
              </value>
            </param>
            <param index="2">
              <value>
                <![CDATA[chrome]]>
              </value>
            </param>
          </params>
          <reporter-output>
          </reporter-output>
        </test-method> <!-- search -->
        <test-method status="PASS" signature="search(java.lang.String, java.lang.String, java.lang.String)[pri:0, instance:TestCases.Google_Search@4f933fd1]" name="search" duration-ms="37663" started-at="2017-05-10T21:50:00Z" data-provider="getData" finished-at="2017-05-10T21:50:38Z">
          <params>
            <param index="0">
              <value>
                <![CDATA[u1]]>
              </value>
            </param>
            <param index="1">
              <value>
                <![CDATA[p1]]>
              </value>
            </param>
            <param index="2">
              <value>
                <![CDATA[firefox]]>
              </value>
            </param>
          </params>
          <reporter-output>
          </reporter-output>
        </test-method> <!-- search -->
        <test-method status="PASS" signature="search(java.lang.String, java.lang.String, java.lang.String)[pri:0, instance:TestCases.Google_Search@4f933fd1]" name="search" duration-ms="22539" started-at="2017-05-10T21:50:00Z" data-provider="getData" finished-at="2017-05-10T21:50:23Z">
          <params>
            <param index="0">
              <value>
                <![CDATA[u1]]>
              </value>
            </param>
            <param index="1">
              <value>
                <![CDATA[p1]]>
              </value>
            </param>
            <param index="2">
              <value>
                <![CDATA[firefox]]>
              </value>
            </param>
          </params>
          <reporter-output>
          </reporter-output>
        </test-method> <!-- search -->
      </class> <!-- TestCases.Google_Search -->
    </test> <!-- Test -->
  </suite> <!-- Suite -->
</testng-results>
